<?xml version="1.0" encoding="UTF-8"?>
<testsuite name="com.example.cardiacmonitor.firstUnitTest" tests="5" skipped="0" failures="0" errors="0" timestamp="2022-07-26T14:06:09" hostname="Ahsans-MacBook-Air.local" time="0.003">
  <properties/>
  <testcase name="testAddRecordException" classname="com.example.cardiacmonitor.firstUnitTest" time="0.002"/>
  <testcase name="testDeleteRecord" classname="com.example.cardiacmonitor.firstUnitTest" time="0.0"/>
  <testcase name="testAddRecord" classname="com.example.cardiacmonitor.firstUnitTest" time="0.0"/>
  <testcase name="testDeleteRecordException" classname="com.example.cardiacmonitor.firstUnitTest" time="0.001"/>
  <testcase name="testSortRecords" classname="com.example.cardiacmonitor.firstUnitTest" time="0.0"/>
  <system-out><![CDATA[]]></system-out>
  <system-err><![CDATA[]]></system-err>
</testsuite>
