<?xml version='1.0' encoding='UTF-8' ?>
<testsuite name="com.example.cardiacmonitor.SplashScreenTest" tests="1" failures="0" errors="0" skipped="0" time="3.329" timestamp="2022-07-28T16:16:59" hostname="localhost">
  <properties>
    <property name="device" value="Pixel_4_API_30_2(AVD) - 11" />
    <property name="flavor" value="" />
    <property name="project" value=":app" />
  </properties>
  <testcase name="testSplashScreen" classname="com.example.cardiacmonitor.SplashScreenTest" time="2.464" />
</testsuite>